2025-02-19 11:17:36,272 - Excluded channel: 111 TV .c
2025-02-19 11:17:36,273 - Excluded channel: 12 TV PARMA .c
2025-02-19 11:17:37,578 - Excluded channel: 51 RADIO TV .c
2025-02-19 11:17:37,578 - Excluded channel: 70 80 HITS .c
2025-02-19 11:17:37,578 - Excluded channel: A3 .c
2025-02-19 11:17:37,578 - Excluded channel: ACI SPORT TV .c
2025-02-19 11:17:37,578 - Excluded channel: ALTO ADIGE TV .c
2025-02-19 11:17:38,002 - Excluded channel: ANTENNA 2 .c
2025-02-19 11:17:38,002 - Excluded channel: ANTENNA SUD .c
2025-02-19 11:17:38,002 - Excluded channel: ARANCIA TV .c
2025-02-19 11:17:38,002 - Excluded channel: ARTE NETWORK .c
2025-02-19 11:17:38,002 - Excluded channel: AURORA ARTE .c
2025-02-19 11:17:38,466 - Excluded channel: BABY TV .c
2025-02-19 11:17:38,466 - Excluded channel: BABY TV .s
2025-02-19 11:17:38,466 - Excluded channel: BELLA RADIO TV .c
2025-02-19 11:17:38,466 - Excluded channel: BELLLA & MONELLA TV .c
2025-02-19 11:17:38,466 - Excluded channel: BERGAMO TV .c
2025-02-19 11:17:38,466 - Excluded channel: BLOOMBERG TV 4K .c
2025-02-19 11:17:38,466 - Excluded channel: BLOOMBERG TV .s
2025-02-19 11:17:39,526 - Excluded channel: BYOBLU .c
2025-02-19 11:17:39,526 - Excluded channel: CACCIA E PESCA .c
2025-02-19 11:17:39,526 - Excluded channel: CACCIA .c
2025-02-19 11:17:39,526 - Excluded channel: CAFE 24 .c
2025-02-19 11:17:39,526 - Excluded channel: CAMERA DEI DEPUTATI .c
2025-02-19 11:17:39,526 - Excluded channel: CANALE 2 .c
2025-02-19 11:17:39,526 - Excluded channel: CANALE 21 EXTRA .s
2025-02-19 11:17:40,231 - Excluded channel: CANALE 7 .c
2025-02-19 11:17:40,232 - Excluded channel: CANALE 7 .s
2025-02-19 11:17:40,232 - Excluded channel: CANALE 8 .c
2025-02-19 11:17:40,232 - Excluded channel: CANALE 8 .s
2025-02-19 11:17:40,232 - Excluded channel: CARINA TV .c
2025-02-19 11:17:44,542 - Excluded channel: CLASSICA .c
2025-02-19 11:17:45,096 - Excluded channel: COMPANY TV .c
2025-02-19 11:17:45,096 - Excluded channel: COMPANY TV .s
2025-02-19 11:17:45,096 - Excluded channel: CREMONA 1 .c
2025-02-19 11:17:45,096 - Excluded channel: CRIME + INV .s
2025-02-19 11:17:49,707 - Excluded channel: ELIVE TV BRESCIA .c
2025-02-19 11:17:49,707 - Excluded channel: ENTELLA TV .c
2025-02-19 11:17:49,707 - Excluded channel: EQU TV .c
2025-02-19 11:17:49,707 - Excluded channel: ESPANSIONE TV .c
2025-02-19 11:17:49,707 - Excluded channel: ESPERIA TV 18 .s
2025-02-19 11:17:49,708 - Excluded channel: ESPERIA TV .c
2025-02-19 11:17:49,708 - Excluded channel: ETV MARCHE .s
2025-02-19 11:17:49,708 - Excluded channel: EURO INDIE MUSIC CHART TV .c
2025-02-19 11:17:49,708 - Excluded channel: EURO TV .c
2025-02-19 11:17:49,708 - Excluded channel: EURONEWS .c
2025-02-19 11:17:50,913 - Excluded channel: FANO TV .s
2025-02-19 11:17:50,913 - Excluded channel: FASHION TV .s
2025-02-19 11:17:50,914 - Excluded channel: FASHIONTV .c
2025-02-19 11:17:52,981 - Excluded channel: FRANCE 24 (EN) .s
2025-02-19 11:17:53,808 - Excluded channel: GLOBUS TELEVISION .c
2025-02-19 11:17:53,809 - Excluded channel: GOLD TV .c
2025-02-19 11:17:53,809 - Excluded channel: GRANDUCATO .c
2025-02-19 11:17:54,900 - Excluded channel: ICARO TV .c
2025-02-19 11:17:54,901 - Excluded channel: ICARO TV .s
2025-02-19 11:17:57,247 - Excluded channel: IUNIOR TV .c
2025-02-19 11:17:58,448 - Excluded channel: KISS KISS NAPOLI .c
2025-02-19 11:17:58,448 - Excluded channel: KISS KISS .c
2025-02-19 11:17:58,448 - Excluded channel: KISS KISS .s
2025-02-19 11:17:59,741 - Excluded channel: LA C TV .c
2025-02-19 11:17:59,741 - Excluded channel: LA NUOVA TV .c
2025-02-19 11:17:59,741 - Excluded channel: LA TR3 .c
2025-02-19 11:17:59,741 - Excluded channel: LAZIO TV .c
2025-02-19 11:17:59,741 - Excluded channel: LIRA TV .c
2025-02-19 11:17:59,741 - Excluded channel: LOVE FM TV .c
2025-02-19 11:17:59,741 - Excluded channel: M2O .c
2025-02-19 11:18:02,541 - Excluded channel: MILAN TV .c
2025-02-19 11:18:03,102 - Excluded channel: MTV HITS .s
2025-02-19 11:18:04,660 - Excluded channel: OL3 RADIO .c
2025-02-19 11:18:04,660 - Excluded channel: ONDA NOVARA TV .c
2025-02-19 11:18:04,660 - Excluded channel: ONDA TV .c
2025-02-19 11:18:04,660 - Excluded channel: ONDA TV .s
2025-02-19 11:18:04,660 - Excluded channel: ORLER TV .c
2025-02-19 11:18:04,660 - Excluded channel: PADRE PIO TV .c
2025-02-19 11:18:04,660 - Excluded channel: PEER TV ALTO ADIGE .c
2025-02-19 11:18:04,660 - Excluded channel: PESCA E CACCIA .s
2025-02-19 11:18:04,660 - Excluded channel: PESCA .c
2025-02-19 11:18:04,928 - Excluded channel: PRIMA TV .c
2025-02-19 11:18:04,928 - Excluded channel: PRIMA TV .s
2025-02-19 11:18:04,928 - Excluded channel: PRIMO CANALE .s
2025-02-19 11:18:04,928 - Excluded channel: PRIMOCANALE .c
2025-02-19 11:18:04,928 - Excluded channel: QUADRIFOGLIO TV .c
2025-02-19 11:18:04,928 - Excluded channel: QUARTA RETE .s
2025-02-19 11:18:05,179 - Excluded channel: QVC .s
2025-02-19 11:18:05,179 - Excluded channel: RADIO 51 .s
2025-02-19 11:18:05,179 - Excluded channel: RADIO CAPITAL .s
2025-02-19 11:18:05,179 - Excluded channel: RADIO FRECCIA .s
2025-02-19 11:18:05,179 - Excluded channel: RADIONORBA TV .c
2025-02-19 11:18:15,473 - Excluded channel: RDS SOCIAL TV .c
2025-02-19 11:18:15,474 - Excluded channel: RDS SOCIAL .s
2025-02-19 11:18:16,030 - Excluded channel: REGGIO TV .c
2025-02-19 11:18:16,030 - Excluded channel: REI TV .c
2025-02-19 11:18:16,549 - Excluded channel: RETE ORO .c
2025-02-19 11:18:16,814 - Excluded channel: RETE VENETA .c
2025-02-19 11:18:16,814 - Excluded channel: RETEBIELLA TV .c
2025-02-19 11:18:16,814 - Excluded channel: RMC 101 .c
2025-02-19 11:18:17,936 - Excluded channel: RTC TELECALABRIA .c
2025-02-19 11:18:17,937 - Excluded channel: RTL 102.5 .c
2025-02-19 11:18:17,937 - Excluded channel: RTL 102.5 .s
2025-02-19 11:18:17,937 - Excluded channel: RTP (RETE TELEVISIVA) .c
2025-02-19 11:18:17,937 - Excluded channel: RTR 99 TV .c
2025-02-19 11:18:17,937 - Excluded channel: RTTR TV .s
2025-02-19 11:18:17,937 - Excluded channel: RTTR .c
2025-02-19 11:18:17,937 - Excluded channel: RTV SAN MARINO SPORT .s
2025-02-19 11:18:17,937 - Excluded channel: RTV SAN MARINO .s
2025-02-19 11:18:17,937 - Excluded channel: RTV SPORT .c
2025-02-19 11:18:17,937 - Excluded channel: SENATO TV .c
2025-02-19 11:18:17,937 - Excluded channel: SENATO TV .s
2025-02-19 11:18:41,851 - Excluded channel: STAR COMEDY .c
2025-02-19 11:18:41,851 - Excluded channel: STAR LIFE .c
2025-02-19 11:18:41,851 - Excluded channel: STEREO 5 TV .c
2025-02-19 11:18:41,851 - Excluded channel: SUPER J .c
2025-02-19 11:18:42,454 - Excluded channel: SUPER TV ARISTANIS .c
2025-02-19 11:18:42,454 - Excluded channel: SUPER TV BRESCIA .c
2025-02-19 11:18:43,246 - Excluded channel: TELE ABRUZZO .c
2025-02-19 11:18:43,246 - Excluded channel: TELE CHIARA .c
2025-02-19 11:18:43,246 - Excluded channel: TELE CHIARA .s
2025-02-19 11:18:43,246 - Excluded channel: TELE FRIULI .s
2025-02-19 11:18:43,247 - Excluded channel: TELE LIGURIA SUD .c
2025-02-19 11:18:43,247 - Excluded channel: TELE MIA .c
2025-02-19 11:18:43,247 - Excluded channel: TELE PAVIA .c
2025-02-19 11:18:43,247 - Excluded channel: TELE RADIO SCIACCA .c
2025-02-19 11:18:43,247 - Excluded channel: TELE ROMAGNA .s
2025-02-19 11:18:43,247 - Excluded channel: TELE SIRIO .s
2025-02-19 11:18:43,247 - Excluded channel: TELE TRICOLORE .s
2025-02-19 11:18:43,247 - Excluded channel: TELE TUSCIASABINA 2000 .c
2025-02-19 11:18:43,247 - Excluded channel: TELE VENEZIA .s
2025-02-19 11:18:43,247 - Excluded channel: TELEA TV .c
2025-02-19 11:18:43,247 - Excluded channel: TELEARENA .c
2025-02-19 11:18:43,247 - Excluded channel: TELEARTE .c
2025-02-19 11:18:43,247 - Excluded channel: TELEBARI .c
2025-02-19 11:18:43,247 - Excluded channel: TELEBOARIO .c
2025-02-19 11:18:43,247 - Excluded channel: TELECITTA .c
2025-02-19 11:18:43,247 - Excluded channel: TELECOLOR .c
2025-02-19 11:18:43,247 - Excluded channel: TELEMANTOVA .c
2025-02-19 11:18:43,247 - Excluded channel: TELEMISTRETTA .c
2025-02-19 11:18:43,247 - Excluded channel: TELEMOLISE .c
2025-02-19 11:18:43,247 - Excluded channel: TELENORD .c
2025-02-19 11:18:43,494 - Excluded channel: TELEPACE .c
2025-02-19 11:18:43,494 - Excluded channel: TELEQUATTRO .c
2025-02-19 11:18:43,494 - Excluded channel: TELERAMA .c
2025-02-19 11:18:43,494 - Excluded channel: TELEROMAGNA .c
2025-02-19 11:18:43,494 - Excluded channel: TELETRICOLORE .c
2025-02-19 11:18:43,494 - Excluded channel: TELETUBBIES .c
2025-02-19 11:18:43,494 - Excluded channel: TELEVENEZIA .c
2025-02-19 11:18:43,494 - Excluded channel: TELEVIDEO AGRIGENTO .c
2025-02-19 11:18:44,022 - Excluded channel: TG NORBA 24 .c
2025-02-19 11:18:44,022 - Excluded channel: TG NORBA 24 .s
2025-02-19 11:18:44,317 - Excluded channel: TOP CALCIO 24 .c
2025-02-19 11:18:44,863 - Excluded channel: TRENTINO TV .c
2025-02-19 11:18:44,863 - Excluded channel: TRENTINO TV .s
2025-02-19 11:18:44,863 - Excluded channel: TRM H24 .c
2025-02-19 11:18:44,863 - Excluded channel: TRSPORT .c
2025-02-19 11:18:44,863 - Excluded channel: TT TELETUTTO .s
2025-02-19 11:18:44,863 - Excluded channel: TV 2000 .c
2025-02-19 11:18:44,863 - Excluded channel: TV 33 .c
2025-02-19 11:18:45,359 - Excluded channel: TV QUI (MODENA) .s
2025-02-19 11:18:45,359 - Excluded channel: TV QUI .c
2025-02-19 11:18:45,359 - Excluded channel: TV YES .c
2025-02-19 11:18:45,359 - Excluded channel: TV2000 .s
2025-02-19 11:18:45,360 - Excluded channel: TV7 NEWS .c
2025-02-19 11:18:45,360 - Excluded channel: TVA VICENZA .c
2025-02-19 11:18:45,360 - Excluded channel: TVA VICENZA .s
2025-02-19 11:18:45,360 - Excluded channel: TVRS .c
2025-02-19 11:18:45,360 - Excluded channel: UMBRIA TV .c
2025-02-19 11:18:45,360 - Excluded channel: UMBRIA TV .s
2025-02-19 11:18:45,669 - Excluded channel: UNINETTUNO .s
2025-02-19 11:18:45,669 - Excluded channel: VCO AZZURRA TV .c
2025-02-19 11:18:45,669 - Excluded channel: VERA TV .c
2025-02-19 11:18:45,669 - Excluded channel: VERA TV .s
2025-02-19 11:18:45,669 - Excluded channel: VIDEO NOVARA .c
2025-02-19 11:18:45,669 - Excluded channel: VIDEOLINA .c
2025-02-19 11:18:45,669 - Excluded channel: VIDEOSTAR TV .c
2025-02-19 11:18:45,669 - Excluded channel: VIDEOTOLENTINO .c
